mode: set
github.com/TheThingsNetwork/ttn/core/storage/storage.go:99.37,101.3 1 0
github.com/TheThingsNetwork/ttn/core/storage/storage.go:98.2,99.37 2 1
github.com/TheThingsNetwork/ttn/core/storage/storage.go:94.16,96.3 1 1
github.com/TheThingsNetwork/ttn/core/storage/storage.go:93.109,94.16 1 1
github.com/TheThingsNetwork/ttn/core/storage/storage.go:89.2,89.35 1 1
github.com/TheThingsNetwork/ttn/core/storage/storage.go:87.3,87.16 1 1
github.com/TheThingsNetwork/ttn/core/storage/storage.go:83.68,85.5 1 1
github.com/TheThingsNetwork/ttn/core/storage/storage.go:82.18,83.68 1 1
github.com/TheThingsNetwork/ttn/core/storage/storage.go:80.31,82.18 2 1
github.com/TheThingsNetwork/ttn/core/storage/storage.go:73.2,80.31 4 1
github.com/TheThingsNetwork/ttn/core/storage/storage.go:70.22,72.3 1 1
github.com/TheThingsNetwork/ttn/core/storage/storage.go:69.69,70.22 1 1
github.com/TheThingsNetwork/ttn/core/storage/storage.go:63.2,63.12 1 1
github.com/TheThingsNetwork/ttn/core/storage/storage.go:60.9,62.3 1 1
github.com/TheThingsNetwork/ttn/core/storage/storage.go:59.2,60.9 2 1
github.com/TheThingsNetwork/ttn/core/storage/storage.go:56.16,58.3 1 1
github.com/TheThingsNetwork/ttn/core/storage/storage.go:55.33,56.16 1 1
github.com/TheThingsNetwork/ttn/core/storage/storage.go:51.2,51.23 1 1
github.com/TheThingsNetwork/ttn/core/storage/storage.go:48.16,50.3 1 1
github.com/TheThingsNetwork/ttn/core/storage/storage.go:46.42,48.16 2 1
github.com/TheThingsNetwork/ttn/core/storage/storage.go:276.2,276.12 1 1
github.com/TheThingsNetwork/ttn/core/storage/storage.go:273.39,275.3 1 0
github.com/TheThingsNetwork/ttn/core/storage/storage.go:272.32,273.39 1 1
github.com/TheThingsNetwork/ttn/core/storage/storage.go:267.3,267.13 1 1
github.com/TheThingsNetwork/ttn/core/storage/storage.go:264.65,266.4 1 0
github.com/TheThingsNetwork/ttn/core/storage/storage.go:264.3,264.65 1 1
github.com/TheThingsNetwork/ttn/core/storage/storage.go:261.51,263.4 1 0
github.com/TheThingsNetwork/ttn/core/storage/storage.go:261.3,261.51 1 1
github.com/TheThingsNetwork/ttn/core/storage/storage.go:256.18,258.5 1 0
github.com/TheThingsNetwork/ttn/core/storage/storage.go:254.4,256.18 2 1
github.com/TheThingsNetwork/ttn/core/storage/storage.go:252.21,254.4 1 1
github.com/TheThingsNetwork/ttn/core/storage/storage.go:244.57,252.21 3 1
github.com/TheThingsNetwork/ttn/core/storage/storage.go:244.2,244.57 1 1
github.com/TheThingsNetwork/ttn/core/storage/storage.go:240.23,242.3 1 1
github.com/TheThingsNetwork/ttn/core/storage/storage.go:239.55,240.23 1 1
github.com/TheThingsNetwork/ttn/core/storage/storage.go:234.3,234.13 1 1
github.com/TheThingsNetwork/ttn/core/storage/storage.go:231.44,233.4 1 0
github.com/TheThingsNetwork/ttn/core/storage/storage.go:231.3,231.44 1 1
github.com/TheThingsNetwork/ttn/core/storage/storage.go:228.17,230.4 1 1
github.com/TheThingsNetwork/ttn/core/storage/storage.go:226.57,228.17 2 1
github.com/TheThingsNetwork/ttn/core/storage/storage.go:225.62,226.57 1 1
github.com/TheThingsNetwork/ttn/core/storage/storage.go:220.3,220.13 1 1
github.com/TheThingsNetwork/ttn/core/storage/storage.go:217.47,219.4 1 0
github.com/TheThingsNetwork/ttn/core/storage/storage.go:217.3,217.47 1 1
github.com/TheThingsNetwork/ttn/core/storage/storage.go:214.17,216.4 1 0
github.com/TheThingsNetwork/ttn/core/storage/storage.go:213.3,214.17 2 1
github.com/TheThingsNetwork/ttn/core/storage/storage.go:210.32,212.4 1 1
github.com/TheThingsNetwork/ttn/core/storage/storage.go:209.3,210.32 2 1
github.com/TheThingsNetwork/ttn/core/storage/storage.go:206.44,208.4 1 0
github.com/TheThingsNetwork/ttn/core/storage/storage.go:206.3,206.44 1 1
github.com/TheThingsNetwork/ttn/core/storage/storage.go:203.17,205.4 1 1
github.com/TheThingsNetwork/ttn/core/storage/storage.go:201.57,203.17 2 1
github.com/TheThingsNetwork/ttn/core/storage/storage.go:201.2,201.57 1 1
github.com/TheThingsNetwork/ttn/core/storage/storage.go:198.3,198.37 1 1
github.com/TheThingsNetwork/ttn/core/storage/storage.go:195.17,197.4 1 0
github.com/TheThingsNetwork/ttn/core/storage/storage.go:193.32,195.17 2 1
github.com/TheThingsNetwork/ttn/core/storage/storage.go:191.2,193.32 2 1
github.com/TheThingsNetwork/ttn/core/storage/storage.go:188.16,190.3 1 1
github.com/TheThingsNetwork/ttn/core/storage/storage.go:187.98,188.16 1 1
github.com/TheThingsNetwork/ttn/core/storage/storage.go:183.2,183.23 1 1
github.com/TheThingsNetwork/ttn/core/storage/storage.go:180.3,180.13 1 1
github.com/TheThingsNetwork/ttn/core/storage/storage.go:177.47,179.4 1 0
github.com/TheThingsNetwork/ttn/core/storage/storage.go:177.3,177.47 1 1
github.com/TheThingsNetwork/ttn/core/storage/storage.go:174.17,176.4 1 0
github.com/TheThingsNetwork/ttn/core/storage/storage.go:173.3,174.17 2 1
github.com/TheThingsNetwork/ttn/core/storage/storage.go:170.32,172.4 1 1
github.com/TheThingsNetwork/ttn/core/storage/storage.go:169.3,170.32 2 1
github.com/TheThingsNetwork/ttn/core/storage/storage.go:166.17,168.4 1 1
github.com/TheThingsNetwork/ttn/core/storage/storage.go:164.47,166.17 2 1
github.com/TheThingsNetwork/ttn/core/storage/storage.go:164.2,164.47 1 1
github.com/TheThingsNetwork/ttn/core/storage/storage.go:161.3,161.37 1 1
github.com/TheThingsNetwork/ttn/core/storage/storage.go:158.17,160.4 1 0
github.com/TheThingsNetwork/ttn/core/storage/storage.go:156.32,158.17 2 1
github.com/TheThingsNetwork/ttn/core/storage/storage.go:154.2,156.32 2 1
github.com/TheThingsNetwork/ttn/core/storage/storage.go:151.16,153.3 1 1
github.com/TheThingsNetwork/ttn/core/storage/storage.go:150.98,151.16 1 1
github.com/TheThingsNetwork/ttn/core/storage/storage.go:146.2,146.33 1 1
github.com/TheThingsNetwork/ttn/core/storage/storage.go:143.2,143.13 1 1
github.com/TheThingsNetwork/ttn/core/storage/storage.go:143.13,145.3 1 0
github.com/TheThingsNetwork/ttn/core/storage/storage.go:140.4,140.51 1 0
github.com/TheThingsNetwork/ttn/core/storage/storage.go:137.50,138.10 1 1
github.com/TheThingsNetwork/ttn/core/storage/storage.go:135.32,137.50 2 1
github.com/TheThingsNetwork/ttn/core/storage/storage.go:135.3,135.32 1 1
github.com/TheThingsNetwork/ttn/core/storage/storage.go:129.28,134.4 4 1
github.com/TheThingsNetwork/ttn/core/storage/storage.go:128.6,129.28 1 1
github.com/TheThingsNetwork/ttn/core/storage/storage.go:125.2,128.6 4 1
github.com/TheThingsNetwork/ttn/core/storage/storage.go:120.2,120.16 1 1
github.com/TheThingsNetwork/ttn/core/storage/storage.go:120.16,122.3 1 1
github.com/TheThingsNetwork/ttn/core/storage/storage.go:117.3,117.13 1 1
github.com/TheThingsNetwork/ttn/core/storage/storage.go:114.22,116.4 1 1
github.com/TheThingsNetwork/ttn/core/storage/storage.go:113.3,114.22 2 1
github.com/TheThingsNetwork/ttn/core/storage/storage.go:111.4,111.14 1 1
github.com/TheThingsNetwork/ttn/core/storage/storage.go:108.59,110.5 1 1
github.com/TheThingsNetwork/ttn/core/storage/storage.go:107.17,108.59 1 1
github.com/TheThingsNetwork/ttn/core/storage/storage.go:105.45,107.17 2 1
github.com/TheThingsNetwork/ttn/core/storage/storage.go:104.2,105.45 2 1
github.com/TheThingsNetwork/ttn/core/dutycycle/scoreComputer.go:99.2,99.16 1 1
github.com/TheThingsNetwork/ttn/core/dutycycle/scoreComputer.go:99.16,101.3 1 1
github.com/TheThingsNetwork/ttn/core/dutycycle/scoreComputer.go:94.2,95.11 1 1
github.com/TheThingsNetwork/ttn/core/dutycycle/scoreComputer.go:92.2,93.16 1 1
github.com/TheThingsNetwork/ttn/core/dutycycle/scoreComputer.go:90.2,91.16 1 1
github.com/TheThingsNetwork/ttn/core/dutycycle/scoreComputer.go:88.2,89.16 1 1
github.com/TheThingsNetwork/ttn/core/dutycycle/scoreComputer.go:83.59,87.14 2 1
github.com/TheThingsNetwork/ttn/core/dutycycle/scoreComputer.go:80.2,80.12 1 1
github.com/TheThingsNetwork/ttn/core/dutycycle/scoreComputer.go:77.2,77.21 1 1
github.com/TheThingsNetwork/ttn/core/dutycycle/scoreComputer.go:77.21,79.3 1 1
github.com/TheThingsNetwork/ttn/core/dutycycle/scoreComputer.go:74.49,76.3 1 1
github.com/TheThingsNetwork/ttn/core/dutycycle/scoreComputer.go:73.51,74.49 1 1
github.com/TheThingsNetwork/ttn/core/dutycycle/scoreComputer.go:68.2,68.10 1 1
github.com/TheThingsNetwork/ttn/core/dutycycle/scoreComputer.go:64.23,66.3 1 1
github.com/TheThingsNetwork/ttn/core/dutycycle/scoreComputer.go:63.2,64.23 2 1
github.com/TheThingsNetwork/ttn/core/dutycycle/scoreComputer.go:59.23,61.3 1 1
github.com/TheThingsNetwork/ttn/core/dutycycle/scoreComputer.go:54.81,59.23 4 1
github.com/TheThingsNetwork/ttn/core/dutycycle/scoreComputer.go:49.2,49.52 1 1
github.com/TheThingsNetwork/ttn/core/dutycycle/scoreComputer.go:45.16,47.3 1 1
github.com/TheThingsNetwork/ttn/core/dutycycle/scoreComputer.go:43.68,45.16 2 1
github.com/TheThingsNetwork/ttn/core/dutycycle/scoreComputer.go:110.2,112.14 2 1
github.com/TheThingsNetwork/ttn/core/dutycycle/scoreComputer.go:103.3,103.23 1 1
github.com/TheThingsNetwork/ttn/core/dutycycle/scoreComputer.go:103.23,105.3 1 1
github.com/TheThingsNetwork/ttn/core/dutycycle/scoreComputer.go:101.3,101.23 1 1
github.com/TheThingsNetwork/ttn/core/dutycycle/scoreComputer.go:101.23,103.3 1 1
github.com/TheThingsNetwork/ttn/core/dutycycle/dutyManager.go:97.2,97.63 1 1
github.com/TheThingsNetwork/ttn/core/dutycycle/dutyManager.go:93.33,95.3 1 1
github.com/TheThingsNetwork/ttn/core/dutycycle/dutyManager.go:93.2,93.33 1 1
github.com/TheThingsNetwork/ttn/core/dutycycle/dutyManager.go:88.36,90.3 1 1
github.com/TheThingsNetwork/ttn/core/dutycycle/dutyManager.go:88.2,88.36 1 1
github.com/TheThingsNetwork/ttn/core/dutycycle/dutyManager.go:83.35,85.3 1 1
github.com/TheThingsNetwork/ttn/core/dutycycle/dutyManager.go:83.2,83.35 1 1
github.com/TheThingsNetwork/ttn/core/dutycycle/dutyManager.go:78.35,80.3 1 1
github.com/TheThingsNetwork/ttn/core/dutycycle/dutyManager.go:78.2,78.35 1 1
github.com/TheThingsNetwork/ttn/core/dutycycle/dutyManager.go:73.35,75.3 1 1
github.com/TheThingsNetwork/ttn/core/dutycycle/dutyManager.go:71.48,73.35 1 1
github.com/TheThingsNetwork/ttn/core/dutycycle/dutyManager.go:301.2,301.12 1 1
github.com/TheThingsNetwork/ttn/core/dutycycle/dutyManager.go:298.48,300.3 1 0
github.com/TheThingsNetwork/ttn/core/dutycycle/dutyManager.go:297.56,298.48 1 1
github.com/TheThingsNetwork/ttn/core/dutycycle/dutyManager.go:293.2,293.18 1 1
github.com/TheThingsNetwork/ttn/core/dutycycle/dutyManager.go:290.16,292.3 1 0
github.com/TheThingsNetwork/ttn/core/dutycycle/dutyManager.go:288.52,290.16 2 1
github.com/TheThingsNetwork/ttn/core/dutycycle/dutyManager.go:278.2,278.29 1 1
github.com/TheThingsNetwork/ttn/core/dutycycle/dutyManager.go:274.2,274.15 1 1
github.com/TheThingsNetwork/ttn/core/dutycycle/dutyManager.go:274.15,276.3 1 1
github.com/TheThingsNetwork/ttn/core/dutycycle/dutyManager.go:270.2,270.15 1 1
github.com/TheThingsNetwork/ttn/core/dutycycle/dutyManager.go:270.15,272.3 1 1
github.com/TheThingsNetwork/ttn/core/dutycycle/dutyManager.go:266.17,268.3 1 1
github.com/TheThingsNetwork/ttn/core/dutycycle/dutyManager.go:265.39,266.17 1 1
github.com/TheThingsNetwork/ttn/core/dutycycle/dutyManager.go:258.2,261.20 3 1
github.com/TheThingsNetwork/ttn/core/dutycycle/dutyManager.go:254.23,256.3 1 1
github.com/TheThingsNetwork/ttn/core/dutycycle/dutyManager.go:250.55,254.23 3 1
github.com/TheThingsNetwork/ttn/core/dutycycle/dutyManager.go:243.2,246.59 3 1
github.com/TheThingsNetwork/ttn/core/dutycycle/dutyManager.go:238.41,240.3 1 1
github.com/TheThingsNetwork/ttn/core/dutycycle/dutyManager.go:236.2,238.41 3 1
github.com/TheThingsNetwork/ttn/core/dutycycle/dutyManager.go:231.16,233.3 1 1
github.com/TheThingsNetwork/ttn/core/dutycycle/dutyManager.go:230.2,231.16 2 1
github.com/TheThingsNetwork/ttn/core/dutycycle/dutyManager.go:226.2,227.58 1 1
github.com/TheThingsNetwork/ttn/core/dutycycle/dutyManager.go:224.2,225.17 1 1
github.com/TheThingsNetwork/ttn/core/dutycycle/dutyManager.go:222.2,223.17 1 1
github.com/TheThingsNetwork/ttn/core/dutycycle/dutyManager.go:220.2,221.17 1 1
github.com/TheThingsNetwork/ttn/core/dutycycle/dutyManager.go:218.2,219.17 1 1
github.com/TheThingsNetwork/ttn/core/dutycycle/dutyManager.go:214.79,217.14 2 1
github.com/TheThingsNetwork/ttn/core/dutycycle/dutyManager.go:208.37,210.2 1 1
github.com/TheThingsNetwork/ttn/core/dutycycle/dutyManager.go:204.2,204.20 1 1
github.com/TheThingsNetwork/ttn/core/dutycycle/dutyManager.go:196.35,201.4 2 1
github.com/TheThingsNetwork/ttn/core/dutycycle/dutyManager.go:195.35,196.35 1 1
github.com/TheThingsNetwork/ttn/core/dutycycle/dutyManager.go:191.2,195.35 3 1
github.com/TheThingsNetwork/ttn/core/dutycycle/dutyManager.go:188.16,190.3 1 0
github.com/TheThingsNetwork/ttn/core/dutycycle/dutyManager.go:182.57,188.16 4 1
github.com/TheThingsNetwork/ttn/core/dutycycle/dutyManager.go:175.2,175.68 1 1
github.com/TheThingsNetwork/ttn/core/dutycycle/dutyManager.go:171.3,173.3 1 1
github.com/TheThingsNetwork/ttn/core/dutycycle/dutyManager.go:168.36,171.3 2 1
github.com/TheThingsNetwork/ttn/core/dutycycle/dutyManager.go:168.2,168.36 1 1
github.com/TheThingsNetwork/ttn/core/dutycycle/dutyManager.go:163.3,165.3 1 0
github.com/TheThingsNetwork/ttn/core/dutycycle/dutyManager.go:158.59,163.3 1 1
github.com/TheThingsNetwork/ttn/core/dutycycle/dutyManager.go:158.3,158.59 1 1
github.com/TheThingsNetwork/ttn/core/dutycycle/dutyManager.go:156.16,158.3 1 1
github.com/TheThingsNetwork/ttn/core/dutycycle/dutyManager.go:151.2,156.16 5 1
github.com/TheThingsNetwork/ttn/core/dutycycle/dutyManager.go:146.16,148.3 1 1
github.com/TheThingsNetwork/ttn/core/dutycycle/dutyManager.go:145.2,146.16 2 1
github.com/TheThingsNetwork/ttn/core/dutycycle/dutyManager.go:140.16,142.3 1 1
github.com/TheThingsNetwork/ttn/core/dutycycle/dutyManager.go:138.100,140.16 2 1
github.com/TheThingsNetwork/ttn/core/dutycycle/dutyManager.go:126.2,130.8 1 1
github.com/TheThingsNetwork/ttn/core/dutycycle/dutyManager.go:122.16,124.3 1 0
github.com/TheThingsNetwork/ttn/core/dutycycle/dutyManager.go:121.2,122.16 2 1
github.com/TheThingsNetwork/ttn/core/dutycycle/dutyManager.go:116.22,118.3 1 1
github.com/TheThingsNetwork/ttn/core/dutycycle/dutyManager.go:116.2,116.22 1 1
github.com/TheThingsNetwork/ttn/core/dutycycle/dutyManager.go:112.2,113.72 1 1
github.com/TheThingsNetwork/ttn/core/dutycycle/dutyManager.go:104.2,111.4 1 1
github.com/TheThingsNetwork/ttn/core/dutycycle/dutyManager.go:101.92,103.11 2 1
github.com/TheThingsNetwork/ttn/core/components/router/storage.go:98.51,100.16 2 1
github.com/TheThingsNetwork/ttn/core/components/router/storage.go:93.35,95.2 1 1
github.com/TheThingsNetwork/ttn/core/components/router/storage.go:85.51,90.2 4 1
github.com/TheThingsNetwork/ttn/core/components/router/storage.go:81.2,81.21 1 1
github.com/TheThingsNetwork/ttn/core/components/router/storage.go:78.2,78.23 1 1
github.com/TheThingsNetwork/ttn/core/components/router/storage.go:78.23,80.3 1 1
github.com/TheThingsNetwork/ttn/core/components/router/storage.go:75.3,75.21 1 1
github.com/TheThingsNetwork/ttn/core/components/router/storage.go:72.69,74.4 1 0
github.com/TheThingsNetwork/ttn/core/components/router/storage.go:72.3,72.69 1 1
github.com/TheThingsNetwork/ttn/core/components/router/storage.go:64.33,69.5 4 1
github.com/TheThingsNetwork/ttn/core/components/router/storage.go:63.29,64.33 1 1
github.com/TheThingsNetwork/ttn/core/components/router/storage.go:59.24,63.29 3 1
github.com/TheThingsNetwork/ttn/core/components/router/storage.go:57.2,59.24 2 1
github.com/TheThingsNetwork/ttn/core/components/router/storage.go:54.16,56.3 1 1
github.com/TheThingsNetwork/ttn/core/components/router/storage.go:50.63,54.16 4 1
github.com/TheThingsNetwork/ttn/core/components/router/storage.go:46.2,46.54 1 1
github.com/TheThingsNetwork/ttn/core/components/router/storage.go:43.16,45.3 1 0
github.com/TheThingsNetwork/ttn/core/components/router/storage.go:41.74,43.16 2 1
github.com/TheThingsNetwork/ttn/core/components/router/storage.go:119.2,119.17 1 1
github.com/TheThingsNetwork/ttn/core/components/router/storage.go:118.37,118.77 1 1
github.com/TheThingsNetwork/ttn/core/components/router/storage.go:118.2,118.37 1 1
github.com/TheThingsNetwork/ttn/core/components/router/storage.go:114.28,117.3 2 1
github.com/TheThingsNetwork/ttn/core/components/router/storage.go:114.2,114.28 1 1
github.com/TheThingsNetwork/ttn/core/components/router/storage.go:113.28,113.77 1 1
github.com/TheThingsNetwork/ttn/core/components/router/storage.go:111.55,113.28 2 1
github.com/TheThingsNetwork/ttn/core/components/router/storage.go:103.2,107.19 5 1
github.com/TheThingsNetwork/ttn/core/components/router/storage.go:100.16,102.3 1 0
github.com/TheThingsNetwork/ttn/core/components/router/router.go:97.16,99.3 1 1
github.com/TheThingsNetwork/ttn/core/components/router/router.go:96.2,97.16 2 1
github.com/TheThingsNetwork/ttn/core/components/router/router.go:90.126,93.3 2 1
github.com/TheThingsNetwork/ttn/core/components/router/router.go:89.120,90.126 1 1
github.com/TheThingsNetwork/ttn/core/components/router/router.go:81.2,85.4 2 1
github.com/TheThingsNetwork/ttn/core/components/router/router.go:77.2,77.25 1 1
github.com/TheThingsNetwork/ttn/core/components/router/router.go:77.25,79.3 1 1
github.com/TheThingsNetwork/ttn/core/components/router/router.go:73.29,75.3 1 1
github.com/TheThingsNetwork/ttn/core/components/router/router.go:73.2,73.29 1 1
github.com/TheThingsNetwork/ttn/core/components/router/router.go:69.16,71.3 1 1
github.com/TheThingsNetwork/ttn/core/components/router/router.go:68.97,69.16 1 1
github.com/TheThingsNetwork/ttn/core/components/router/router.go:64.2,64.12 1 0
github.com/TheThingsNetwork/ttn/core/components/router/router.go:61.43,63.3 1 0
github.com/TheThingsNetwork/ttn/core/components/router/router.go:58.2,61.43 3 1
github.com/TheThingsNetwork/ttn/core/components/router/router.go:54.16,56.3 1 0
github.com/TheThingsNetwork/ttn/core/components/router/router.go:52.34,54.16 2 1
github.com/TheThingsNetwork/ttn/core/components/router/router.go:47.45,49.2 1 1
github.com/TheThingsNetwork/ttn/core/components/router/router.go:371.2,371.27 1 1
github.com/TheThingsNetwork/ttn/core/components/router/router.go:367.17,369.4 1 0
github.com/TheThingsNetwork/ttn/core/components/router/router.go:363.3,367.17 2 1
github.com/TheThingsNetwork/ttn/core/components/router/router.go:360.3,361.57 1 1
github.com/TheThingsNetwork/ttn/core/components/router/router.go:358.3,359.71 1 1
github.com/TheThingsNetwork/ttn/core/components/router/router.go:355.17,357.21 2 1
github.com/TheThingsNetwork/ttn/core/components/router/router.go:353.2,355.17 2 1
github.com/TheThingsNetwork/ttn/core/components/router/router.go:349.2,349.22 1 1
github.com/TheThingsNetwork/ttn/core/components/router/router.go:349.22,351.3 1 0
github.com/TheThingsNetwork/ttn/core/components/router/router.go:344.38,347.3 2 1
github.com/TheThingsNetwork/ttn/core/components/router/router.go:344.2,344.38 1 1
github.com/TheThingsNetwork/ttn/core/components/router/router.go:339.37,342.3 2 1
github.com/TheThingsNetwork/ttn/core/components/router/router.go:339.2,339.37 1 1
github.com/TheThingsNetwork/ttn/core/components/router/router.go:334.2,334.21 1 1
github.com/TheThingsNetwork/ttn/core/components/router/router.go:334.21,337.3 2 1
github.com/TheThingsNetwork/ttn/core/components/router/router.go:327.4,330.4 2 1
github.com/TheThingsNetwork/ttn/core/components/router/router.go:324.53,327.4 2 1
github.com/TheThingsNetwork/ttn/core/components/router/router.go:323.25,324.53 1 1
github.com/TheThingsNetwork/ttn/core/components/router/router.go:315.2,323.25 8 1
github.com/TheThingsNetwork/ttn/core/components/router/router.go:307.4,310.18 1 1
github.com/TheThingsNetwork/ttn/core/components/router/router.go:302.5,303.11 2 1
github.com/TheThingsNetwork/ttn/core/components/router/router.go:298.63,301.6 2 1
github.com/TheThingsNetwork/ttn/core/components/router/router.go:296.4,296.18 1 1
github.com/TheThingsNetwork/ttn/core/components/router/router.go:296.18,298.63 2 1
github.com/TheThingsNetwork/ttn/core/components/router/router.go:290.4,292.11 2 0
github.com/TheThingsNetwork/ttn/core/components/router/router.go:288.4,289.83 1 1
github.com/TheThingsNetwork/ttn/core/components/router/router.go:286.4,287.83 1 1
github.com/TheThingsNetwork/ttn/core/components/router/router.go:279.51,285.22 4 1
github.com/TheThingsNetwork/ttn/core/components/router/router.go:278.33,279.51 1 1
github.com/TheThingsNetwork/ttn/core/components/router/router.go:261.111,278.33 9 1
github.com/TheThingsNetwork/ttn/core/components/router/router.go:258.2,258.12 1 1
github.com/TheThingsNetwork/ttn/core/components/router/router.go:254.80,257.3 2 1
github.com/TheThingsNetwork/ttn/core/components/router/router.go:250.2,254.80 5 1
github.com/TheThingsNetwork/ttn/core/components/router/router.go:245.21,249.3 3 1
github.com/TheThingsNetwork/ttn/core/components/router/router.go:241.80,245.21 2 1
github.com/TheThingsNetwork/ttn/core/components/router/router.go:234.2,237.23 4 1
github.com/TheThingsNetwork/ttn/core/components/router/router.go:229.16,232.3 2 1
github.com/TheThingsNetwork/ttn/core/components/router/router.go:228.2,229.16 2 1
github.com/TheThingsNetwork/ttn/core/components/router/router.go:223.16,226.3 2 0
github.com/TheThingsNetwork/ttn/core/components/router/router.go:222.2,223.16 2 1
github.com/TheThingsNetwork/ttn/core/components/router/router.go:214.54,219.3 4 1
github.com/TheThingsNetwork/ttn/core/components/router/router.go:212.95,214.54 1 1
github.com/TheThingsNetwork/ttn/core/components/router/router.go:209.2,209.79 1 1
github.com/TheThingsNetwork/ttn/core/components/router/router.go:204.66,206.3 1 1
github.com/TheThingsNetwork/ttn/core/components/router/router.go:204.2,204.66 1 1
github.com/TheThingsNetwork/ttn/core/components/router/router.go:198.38,201.3 2 1
github.com/TheThingsNetwork/ttn/core/components/router/router.go:197.2,198.38 2 1
github.com/TheThingsNetwork/ttn/core/components/router/router.go:194.3,194.38 1 1
github.com/TheThingsNetwork/ttn/core/components/router/router.go:191.3,192.56 1 1
github.com/TheThingsNetwork/ttn/core/components/router/router.go:189.3,190.61 1 1
github.com/TheThingsNetwork/ttn/core/components/router/router.go:187.2,187.16 1 1
github.com/TheThingsNetwork/ttn/core/components/router/router.go:187.16,188.38 1 1
github.com/TheThingsNetwork/ttn/core/components/router/router.go:184.3,184.39 1 1
github.com/TheThingsNetwork/ttn/core/components/router/router.go:179.67,183.4 2 1
github.com/TheThingsNetwork/ttn/core/components/router/router.go:178.3,179.67 2 1
github.com/TheThingsNetwork/ttn/core/components/router/router.go:175.29,177.4 1 1
github.com/TheThingsNetwork/ttn/core/components/router/router.go:170.3,175.29 4 1
github.com/TheThingsNetwork/ttn/core/components/router/router.go:165.21,170.3 3 1
github.com/TheThingsNetwork/ttn/core/components/router/router.go:158.2,165.21 5 1
github.com/TheThingsNetwork/ttn/core/components/router/router.go:154.66,157.3 2 1
github.com/TheThingsNetwork/ttn/core/components/router/router.go:153.2,154.66 2 1
github.com/TheThingsNetwork/ttn/core/components/router/router.go:148.16,150.3 1 1
github.com/TheThingsNetwork/ttn/core/components/router/router.go:147.2,148.16 2 1
github.com/TheThingsNetwork/ttn/core/components/router/router.go:141.29,144.3 2 1
github.com/TheThingsNetwork/ttn/core/components/router/router.go:141.2,141.29 1 1
github.com/TheThingsNetwork/ttn/core/components/router/router.go:137.25,140.3 2 1
github.com/TheThingsNetwork/ttn/core/components/router/router.go:137.2,137.25 1 1
github.com/TheThingsNetwork/ttn/core/components/router/router.go:133.16,136.3 2 1
github.com/TheThingsNetwork/ttn/core/components/router/router.go:126.106,133.16 4 1
github.com/TheThingsNetwork/ttn/core/components/router/router.go:122.2,122.79 1 1
github.com/TheThingsNetwork/ttn/core/components/router/router.go:119.66,121.3 1 1
github.com/TheThingsNetwork/ttn/core/components/router/router.go:119.2,119.66 1 1
github.com/TheThingsNetwork/ttn/core/components/router/router.go:115.38,118.3 2 0
github.com/TheThingsNetwork/ttn/core/components/router/router.go:114.2,115.38 2 1
github.com/TheThingsNetwork/ttn/core/components/router/router.go:109.16,111.3 1 1
github.com/TheThingsNetwork/ttn/core/components/router/router.go:102.2,109.16 3 1
github.com/TheThingsNetwork/ttn/core/components/router/gtwStorage.go:81.2,81.17 1 1
github.com/TheThingsNetwork/ttn/core/components/router/gtwStorage.go:80.37,80.80 1 1
github.com/TheThingsNetwork/ttn/core/components/router/gtwStorage.go:80.2,80.37 1 1
github.com/TheThingsNetwork/ttn/core/components/router/gtwStorage.go:76.28,79.3 2 1
github.com/TheThingsNetwork/ttn/core/components/router/gtwStorage.go:74.55,76.28 2 1
github.com/TheThingsNetwork/ttn/core/components/router/gtwStorage.go:67.2,70.19 4 1
github.com/TheThingsNetwork/ttn/core/components/router/gtwStorage.go:64.16,66.3 1 0
github.com/TheThingsNetwork/ttn/core/components/router/gtwStorage.go:62.51,64.16 2 1
github.com/TheThingsNetwork/ttn/core/components/router/gtwStorage.go:57.35,59.2 1 1
github.com/TheThingsNetwork/ttn/core/components/router/gtwStorage.go:52.51,54.2 1 1
github.com/TheThingsNetwork/ttn/core/components/router/gtwStorage.go:48.2,48.33 1 1
github.com/TheThingsNetwork/ttn/core/components/router/gtwStorage.go:45.16,47.3 1 1
github.com/TheThingsNetwork/ttn/core/components/router/gtwStorage.go:43.57,45.16 2 1
github.com/TheThingsNetwork/ttn/core/components/router/gtwStorage.go:39.2,39.34 1 1
github.com/TheThingsNetwork/ttn/core/components/router/gtwStorage.go:36.16,38.3 1 0
github.com/TheThingsNetwork/ttn/core/components/router/gtwStorage.go:34.53,36.16 2 1
github.com/TheThingsNetwork/ttn/core/components/handler/pktStorage.go:97.2,100.23 3 1
github.com/TheThingsNetwork/ttn/core/components/handler/pktStorage.go:94.16,96.3 1 1
github.com/TheThingsNetwork/ttn/core/components/handler/pktStorage.go:90.78,94.16 4 1
github.com/TheThingsNetwork/ttn/core/components/handler/pktStorage.go:86.2,86.88 1 1
github.com/TheThingsNetwork/ttn/core/components/handler/pktStorage.go:80.33,83.3 2 1
github.com/TheThingsNetwork/ttn/core/components/handler/pktStorage.go:80.2,80.33 1 1
github.com/TheThingsNetwork/ttn/core/components/handler/pktStorage.go:77.16,79.3 1 1
github.com/TheThingsNetwork/ttn/core/components/handler/pktStorage.go:76.2,77.16 2 1
github.com/TheThingsNetwork/ttn/core/components/handler/pktStorage.go:73.66,75.3 1 0
github.com/TheThingsNetwork/ttn/core/components/handler/pktStorage.go:69.52,73.66 4 1
github.com/TheThingsNetwork/ttn/core/components/handler/pktStorage.go:65.2,65.19 1 1
github.com/TheThingsNetwork/ttn/core/components/handler/pktStorage.go:62.32,64.3 1 1
github.com/TheThingsNetwork/ttn/core/components/handler/pktStorage.go:59.69,62.32 3 1
github.com/TheThingsNetwork/ttn/core/components/handler/pktStorage.go:56.2,56.17 1 1
github.com/TheThingsNetwork/ttn/core/components/handler/pktStorage.go:52.23,54.4 1 1
github.com/TheThingsNetwork/ttn/core/components/handler/pktStorage.go:51.28,52.23 1 1
github.com/TheThingsNetwork/ttn/core/components/handler/pktStorage.go:48.51,51.28 3 1
github.com/TheThingsNetwork/ttn/core/components/handler/pktStorage.go:45.2,45.46 1 1
github.com/TheThingsNetwork/ttn/core/components/handler/pktStorage.go:42.16,44.3 1 0
github.com/TheThingsNetwork/ttn/core/components/handler/pktStorage.go:40.64,42.16 2 1
github.com/TheThingsNetwork/ttn/core/components/handler/pktStorage.go:169.2,169.17 1 1
github.com/TheThingsNetwork/ttn/core/components/handler/pktStorage.go:168.37,168.75 1 1
github.com/TheThingsNetwork/ttn/core/components/handler/pktStorage.go:168.2,168.37 1 1
github.com/TheThingsNetwork/ttn/core/components/handler/pktStorage.go:164.28,167.3 2 1
github.com/TheThingsNetwork/ttn/core/components/handler/pktStorage.go:164.2,164.28 1 1
github.com/TheThingsNetwork/ttn/core/components/handler/pktStorage.go:160.28,163.3 2 1
github.com/TheThingsNetwork/ttn/core/components/handler/pktStorage.go:160.2,160.28 1 1
github.com/TheThingsNetwork/ttn/core/components/handler/pktStorage.go:156.28,159.3 2 1
github.com/TheThingsNetwork/ttn/core/components/handler/pktStorage.go:154.55,156.28 2 1
github.com/TheThingsNetwork/ttn/core/components/handler/pktStorage.go:145.2,150.19 6 1
github.com/TheThingsNetwork/ttn/core/components/handler/pktStorage.go:142.16,144.3 1 0
github.com/TheThingsNetwork/ttn/core/components/handler/pktStorage.go:140.51,142.16 2 1
github.com/TheThingsNetwork/ttn/core/components/handler/pktStorage.go:135.35,137.2 1 1
github.com/TheThingsNetwork/ttn/core/components/handler/pktStorage.go:131.2,131.24 1 1
github.com/TheThingsNetwork/ttn/core/components/handler/pktStorage.go:128.22,130.3 1 1
github.com/TheThingsNetwork/ttn/core/components/handler/pktStorage.go:127.2,128.22 2 1
github.com/TheThingsNetwork/ttn/core/components/handler/pktStorage.go:124.16,126.3 1 1
github.com/TheThingsNetwork/ttn/core/components/handler/pktStorage.go:120.75,124.16 4 1
github.com/TheThingsNetwork/ttn/core/components/handler/pktStorage.go:116.2,116.18 1 1
github.com/TheThingsNetwork/ttn/core/components/handler/pktStorage.go:113.63,115.3 1 0
github.com/TheThingsNetwork/ttn/core/components/handler/pktStorage.go:112.2,113.63 2 1
github.com/TheThingsNetwork/ttn/core/components/handler/pktStorage.go:108.3,108.79 1 1
github.com/TheThingsNetwork/ttn/core/components/handler/pktStorage.go:106.4,106.50 1 1
github.com/TheThingsNetwork/ttn/core/components/handler/pktStorage.go:103.31,105.5 1 0
github.com/TheThingsNetwork/ttn/core/components/handler/pktStorage.go:101.36,103.31 2 1
github.com/TheThingsNetwork/ttn/core/components/handler/pktStorage.go:100.23,101.36 1 1
github.com/TheThingsNetwork/ttn/core/components/handler/handler.go:86.45,109.2 14 1
github.com/TheThingsNetwork/ttn/core/components/handler/handler.go:705.2,705.10 1 1
github.com/TheThingsNetwork/ttn/core/components/handler/handler.go:699.11,704.3 3 1
github.com/TheThingsNetwork/ttn/core/components/handler/handler.go:690.115,699.11 2 1
github.com/TheThingsNetwork/ttn/core/components/handler/handler.go:680.2,686.8 2 1
github.com/TheThingsNetwork/ttn/core/components/handler/handler.go:676.16,678.3 1 0
github.com/TheThingsNetwork/ttn/core/components/handler/handler.go:675.2,676.16 2 1
github.com/TheThingsNetwork/ttn/core/components/handler/handler.go:672.84,674.3 1 0
github.com/TheThingsNetwork/ttn/core/components/handler/handler.go:672.2,672.84 1 1
github.com/TheThingsNetwork/ttn/core/components/handler/handler.go:669.66,671.3 1 0
github.com/TheThingsNetwork/ttn/core/components/handler/handler.go:650.159,669.66 8 1
github.com/TheThingsNetwork/ttn/core/components/handler/handler.go:622.2,647.8 2 1
github.com/TheThingsNetwork/ttn/core/components/handler/handler.go:618.16,620.3 1 0
github.com/TheThingsNetwork/ttn/core/components/handler/handler.go:610.2,618.16 5 1
github.com/TheThingsNetwork/ttn/core/components/handler/handler.go:606.16,608.3 1 0
github.com/TheThingsNetwork/ttn/core/components/handler/handler.go:605.2,606.16 2 1
github.com/TheThingsNetwork/ttn/core/components/handler/handler.go:601.68,603.3 1 0
github.com/TheThingsNetwork/ttn/core/components/handler/handler.go:591.133,601.68 7 1
github.com/TheThingsNetwork/ttn/core/components/handler/handler.go:584.33,586.3 1 1
github.com/TheThingsNetwork/ttn/core/components/handler/handler.go:581.62,584.33 3 1
github.com/TheThingsNetwork/ttn/core/components/handler/handler.go:574.4,576.4 1 1
github.com/TheThingsNetwork/ttn/core/components/handler/handler.go:573.4,573.29 1 1
github.com/TheThingsNetwork/ttn/core/components/handler/handler.go:569.18,572.5 2 1
github.com/TheThingsNetwork/ttn/core/components/handler/handler.go:567.4,569.18 3 1
github.com/TheThingsNetwork/ttn/core/components/handler/handler.go:562.18,565.5 2 0
github.com/TheThingsNetwork/ttn/core/components/handler/handler.go:558.75,562.18 3 1
github.com/TheThingsNetwork/ttn/core/components/handler/handler.go:557.33,558.75 1 1
github.com/TheThingsNetwork/ttn/core/components/handler/handler.go:557.2,557.33 1 1
github.com/TheThingsNetwork/ttn/core/components/handler/handler.go:551.66,554.3 2 1
github.com/TheThingsNetwork/ttn/core/components/handler/handler.go:551.2,551.66 1 1
github.com/TheThingsNetwork/ttn/core/components/handler/handler.go:548.17,550.3 1 1
github.com/TheThingsNetwork/ttn/core/components/handler/handler.go:541.2,548.17 6 1
github.com/TheThingsNetwork/ttn/core/components/handler/handler.go:536.16,539.3 2 1
github.com/TheThingsNetwork/ttn/core/components/handler/handler.go:530.2,536.16 2 1
github.com/TheThingsNetwork/ttn/core/components/handler/handler.go:524.3,525.56 2 1
github.com/TheThingsNetwork/ttn/core/components/handler/handler.go:518.4,521.4 2 1
github.com/TheThingsNetwork/ttn/core/components/handler/handler.go:516.4,517.47 2 1
github.com/TheThingsNetwork/ttn/core/components/handler/handler.go:512.18,515.5 2 0
github.com/TheThingsNetwork/ttn/core/components/handler/handler.go:501.13,512.18 5 1
github.com/TheThingsNetwork/ttn/core/components/handler/handler.go:496.33,501.13 2 1
github.com/TheThingsNetwork/ttn/core/components/handler/handler.go:496.2,496.33 1 1
github.com/TheThingsNetwork/ttn/core/components/handler/handler.go:491.16,494.3 2 0
github.com/TheThingsNetwork/ttn/core/components/handler/handler.go:484.97,491.16 6 1
github.com/TheThingsNetwork/ttn/core/components/handler/handler.go:477.4,479.4 1 1
github.com/TheThingsNetwork/ttn/core/components/handler/handler.go:475.19,477.4 1 1
github.com/TheThingsNetwork/ttn/core/components/handler/handler.go:474.33,475.19 1 1
github.com/TheThingsNetwork/ttn/core/components/handler/handler.go:474.2,474.33 1 1
github.com/TheThingsNetwork/ttn/core/components/handler/handler.go:470.16,472.3 1 1
github.com/TheThingsNetwork/ttn/core/components/handler/handler.go:461.2,470.16 4 1
github.com/TheThingsNetwork/ttn/core/components/handler/handler.go:456.16,460.3 3 0
github.com/TheThingsNetwork/ttn/core/components/handler/handler.go:455.2,456.16 2 1
github.com/TheThingsNetwork/ttn/core/components/handler/handler.go:448.16,452.3 3 1
github.com/TheThingsNetwork/ttn/core/components/handler/handler.go:432.2,448.16 7 1
github.com/TheThingsNetwork/ttn/core/components/handler/handler.go:427.43,430.3 2 0
github.com/TheThingsNetwork/ttn/core/components/handler/handler.go:411.2,427.43 13 1
github.com/TheThingsNetwork/ttn/core/components/handler/handler.go:407.17,410.3 2 1
github.com/TheThingsNetwork/ttn/core/components/handler/handler.go:405.2,407.17 3 1
github.com/TheThingsNetwork/ttn/core/components/handler/handler.go:398.33,402.3 3 1
github.com/TheThingsNetwork/ttn/core/components/handler/handler.go:397.2,398.33 2 1
github.com/TheThingsNetwork/ttn/core/components/handler/handler.go:391.16,395.3 3 1
github.com/TheThingsNetwork/ttn/core/components/handler/handler.go:384.114,391.16 5 1
github.com/TheThingsNetwork/ttn/core/components/handler/handler.go:376.3,378.81 2 1
github.com/TheThingsNetwork/ttn/core/components/handler/handler.go:373.3,375.65 2 1
github.com/TheThingsNetwork/ttn/core/components/handler/handler.go:371.3,372.26 2 1
github.com/TheThingsNetwork/ttn/core/components/handler/handler.go:368.23,369.26 1 0
github.com/TheThingsNetwork/ttn/core/components/handler/handler.go:366.32,368.23 2 1
github.com/TheThingsNetwork/ttn/core/components/handler/handler.go:361.61,366.32 3 1
github.com/TheThingsNetwork/ttn/core/components/handler/handler.go:354.72,357.2 2 1
github.com/TheThingsNetwork/ttn/core/components/handler/handler.go:348.4,348.27 1 1
github.com/TheThingsNetwork/ttn/core/components/handler/handler.go:344.25,347.5 2 1
github.com/TheThingsNetwork/ttn/core/components/handler/handler.go:343.4,344.25 2 1
github.com/TheThingsNetwork/ttn/core/components/handler/handler.go:339.5,339.13 1 1
github.com/TheThingsNetwork/ttn/core/components/handler/handler.go:336.23,338.6 1 1
github.com/TheThingsNetwork/ttn/core/components/handler/handler.go:334.52,336.23 2 1
github.com/TheThingsNetwork/ttn/core/components/handler/handler.go:328.3,334.52 4 1
github.com/TheThingsNetwork/ttn/core/components/handler/handler.go:327.4,327.70 1 1
github.com/TheThingsNetwork/ttn/core/components/handler/handler.go:326.30,326.54 1 1
github.com/TheThingsNetwork/ttn/core/components/handler/handler.go:315.3,326.30 6 1
github.com/TheThingsNetwork/ttn/core/components/handler/handler.go:313.6,314.10 1 1
github.com/TheThingsNetwork/ttn/core/components/handler/handler.go:302.79,313.6 6 1
github.com/TheThingsNetwork/ttn/core/components/handler/handler.go:293.2,296.41 3 1
github.com/TheThingsNetwork/ttn/core/components/handler/handler.go:289.2,292.50 3 1
github.com/TheThingsNetwork/ttn/core/components/handler/handler.go:284.2,288.44 4 1
github.com/TheThingsNetwork/ttn/core/components/handler/handler.go:255.2,283.21 12 1
github.com/TheThingsNetwork/ttn/core/components/handler/handler.go:250.29,252.3 1 0
github.com/TheThingsNetwork/ttn/core/components/handler/handler.go:250.2,250.29 1 1
github.com/TheThingsNetwork/ttn/core/components/handler/handler.go:247.16,249.3 1 1
github.com/TheThingsNetwork/ttn/core/components/handler/handler.go:242.2,247.16 4 1
github.com/TheThingsNetwork/ttn/core/components/handler/handler.go:238.25,241.3 2 1
github.com/TheThingsNetwork/ttn/core/components/handler/handler.go:238.2,238.25 1 1
github.com/TheThingsNetwork/ttn/core/components/handler/handler.go:234.26,237.3 2 1
github.com/TheThingsNetwork/ttn/core/components/handler/handler.go:234.2,234.26 1 1
github.com/TheThingsNetwork/ttn/core/components/handler/handler.go:230.26,233.3 2 1
github.com/TheThingsNetwork/ttn/core/components/handler/handler.go:230.2,230.26 1 1
github.com/TheThingsNetwork/ttn/core/components/handler/handler.go:226.27,229.3 2 1
github.com/TheThingsNetwork/ttn/core/components/handler/handler.go:222.115,226.27 2 1
github.com/TheThingsNetwork/ttn/core/components/handler/handler.go:212.2,218.4 2 1
github.com/TheThingsNetwork/ttn/core/components/handler/handler.go:207.32,210.3 2 0
github.com/TheThingsNetwork/ttn/core/components/handler/handler.go:206.2,207.32 2 1
github.com/TheThingsNetwork/ttn/core/components/handler/handler.go:201.27,204.3 2 1
github.com/TheThingsNetwork/ttn/core/components/handler/handler.go:201.2,201.27 1 1
github.com/TheThingsNetwork/ttn/core/components/handler/handler.go:196.26,199.3 2 1
github.com/TheThingsNetwork/ttn/core/components/handler/handler.go:196.2,196.26 1 1
github.com/TheThingsNetwork/ttn/core/components/handler/handler.go:191.26,194.3 2 1
github.com/TheThingsNetwork/ttn/core/components/handler/handler.go:185.121,191.26 3 1
github.com/TheThingsNetwork/ttn/core/components/handler/handler.go:178.2,180.39 2 1
github.com/TheThingsNetwork/ttn/core/components/handler/handler.go:174.2,177.48 3 1
github.com/TheThingsNetwork/ttn/core/components/handler/handler.go:170.2,173.42 3 1
github.com/TheThingsNetwork/ttn/core/components/handler/handler.go:145.2,169.21 12 1
github.com/TheThingsNetwork/ttn/core/components/handler/handler.go:140.16,142.3 1 1
github.com/TheThingsNetwork/ttn/core/components/handler/handler.go:138.2,140.16 3 1
github.com/TheThingsNetwork/ttn/core/components/handler/handler.go:132.113,135.3 2 1
github.com/TheThingsNetwork/ttn/core/components/handler/handler.go:128.109,132.113 2 1
github.com/TheThingsNetwork/ttn/core/components/handler/handler.go:124.2,124.12 1 0
github.com/TheThingsNetwork/ttn/core/components/handler/handler.go:121.43,123.3 1 0
github.com/TheThingsNetwork/ttn/core/components/handler/handler.go:118.2,121.43 3 1
github.com/TheThingsNetwork/ttn/core/components/handler/handler.go:114.16,116.3 1 0
github.com/TheThingsNetwork/ttn/core/components/handler/handler.go:112.35,114.16 2 1
github.com/TheThingsNetwork/ttn/core/components/handler/devStorage.go:99.2,99.28 1 1
github.com/TheThingsNetwork/ttn/core/components/handler/devStorage.go:99.28,102.3 2 1
github.com/TheThingsNetwork/ttn/core/components/handler/devStorage.go:95.2,95.28 1 1
github.com/TheThingsNetwork/ttn/core/components/handler/devStorage.go:95.28,98.3 2 1
github.com/TheThingsNetwork/ttn/core/components/handler/devStorage.go:91.2,91.28 1 1
github.com/TheThingsNetwork/ttn/core/components/handler/devStorage.go:91.28,94.3 2 1
github.com/TheThingsNetwork/ttn/core/components/handler/devStorage.go:90.2,90.28 1 1
github.com/TheThingsNetwork/ttn/core/components/handler/devStorage.go:90.28,90.74 1 1
github.com/TheThingsNetwork/ttn/core/components/handler/devStorage.go:89.2,89.28 1 1
github.com/TheThingsNetwork/ttn/core/components/handler/devStorage.go:89.28,89.56 1 1
github.com/TheThingsNetwork/ttn/core/components/handler/devStorage.go:88.28,88.56 1 1
github.com/TheThingsNetwork/ttn/core/components/handler/devStorage.go:88.2,88.28 1 1
github.com/TheThingsNetwork/ttn/core/components/handler/devStorage.go:87.28,87.55 1 1
github.com/TheThingsNetwork/ttn/core/components/handler/devStorage.go:85.55,87.28 2 1
github.com/TheThingsNetwork/ttn/core/components/handler/devStorage.go:72.51,82.2 9 1
github.com/TheThingsNetwork/ttn/core/components/handler/devStorage.go:67.35,69.2 1 1
github.com/TheThingsNetwork/ttn/core/components/handler/devStorage.go:62.51,64.2 1 1
github.com/TheThingsNetwork/ttn/core/components/handler/devStorage.go:58.2,58.24 1 1
github.com/TheThingsNetwork/ttn/core/components/handler/devStorage.go:55.30,57.3 1 0
github.com/TheThingsNetwork/ttn/core/components/handler/devStorage.go:54.2,55.30 2 1
github.com/TheThingsNetwork/ttn/core/components/handler/devStorage.go:51.16,53.3 1 1
github.com/TheThingsNetwork/ttn/core/components/handler/devStorage.go:49.75,51.16 2 1
github.com/TheThingsNetwork/ttn/core/components/handler/devStorage.go:45.2,45.34 1 1
github.com/TheThingsNetwork/ttn/core/components/handler/devStorage.go:41.16,43.3 1 0
github.com/TheThingsNetwork/ttn/core/components/handler/devStorage.go:39.53,41.16 2 1
github.com/TheThingsNetwork/ttn/core/components/handler/devStorage.go:103.2,103.17 1 1
github.com/TheThingsNetwork/ttn/core/components/broker/dialer.go:58.40,60.2 1 1
github.com/TheThingsNetwork/ttn/core/components/broker/dialer.go:54.2,54.61 1 1
github.com/TheThingsNetwork/ttn/core/components/broker/dialer.go:51.16,53.3 1 1
github.com/TheThingsNetwork/ttn/core/components/broker/dialer.go:49.60,51.16 2 1
github.com/TheThingsNetwork/ttn/core/components/broker/dialer.go:44.39,46.2 1 1
github.com/TheThingsNetwork/ttn/core/components/broker/dialer.go:40.2,40.12 1 1
github.com/TheThingsNetwork/ttn/core/components/broker/dialer.go:37.39,39.3 1 0
github.com/TheThingsNetwork/ttn/core/components/broker/dialer.go:36.31,37.39 1 1
github.com/TheThingsNetwork/ttn/core/components/broker/controller.go:97.2,101.28 4 1
github.com/TheThingsNetwork/ttn/core/components/broker/controller.go:95.3,95.84 1 1
github.com/TheThingsNetwork/ttn/core/components/broker/controller.go:92.53,94.4 1 1
github.com/TheThingsNetwork/ttn/core/components/broker/controller.go:91.16,92.53 1 1
github.com/TheThingsNetwork/ttn/core/components/broker/controller.go:87.52,91.16 4 1
github.com/TheThingsNetwork/ttn/core/components/broker/controller.go:83.2,83.39 1 1
github.com/TheThingsNetwork/ttn/core/components/broker/controller.go:80.2,80.25 1 1
github.com/TheThingsNetwork/ttn/core/components/broker/controller.go:80.25,82.3 1 1
github.com/TheThingsNetwork/ttn/core/components/broker/controller.go:77.3,79.3 1 1
github.com/TheThingsNetwork/ttn/core/components/broker/controller.go:75.15,77.3 1 1
github.com/TheThingsNetwork/ttn/core/components/broker/controller.go:71.83,75.15 4 1
github.com/TheThingsNetwork/ttn/core/components/broker/controller.go:67.2,67.34 1 1
github.com/TheThingsNetwork/ttn/core/components/broker/controller.go:64.16,66.3 1 1
github.com/TheThingsNetwork/ttn/core/components/broker/controller.go:62.63,64.16 2 1
github.com/TheThingsNetwork/ttn/core/components/broker/controller.go:58.2,58.34 1 1
github.com/TheThingsNetwork/ttn/core/components/broker/controller.go:54.16,56.3 1 0
github.com/TheThingsNetwork/ttn/core/components/broker/controller.go:52.67,54.16 2 1
github.com/TheThingsNetwork/ttn/core/components/broker/controller.go:201.2,201.17 1 1
github.com/TheThingsNetwork/ttn/core/components/broker/controller.go:195.31,199.4 3 1
github.com/TheThingsNetwork/ttn/core/components/broker/controller.go:193.28,195.31 2 1
github.com/TheThingsNetwork/ttn/core/components/broker/controller.go:193.2,193.28 1 1
github.com/TheThingsNetwork/ttn/core/components/broker/controller.go:189.28,192.3 2 1
github.com/TheThingsNetwork/ttn/core/components/broker/controller.go:189.2,189.28 1 1
github.com/TheThingsNetwork/ttn/core/components/broker/controller.go:185.28,188.3 2 1
github.com/TheThingsNetwork/ttn/core/components/broker/controller.go:183.58,185.28 2 1
github.com/TheThingsNetwork/ttn/core/components/broker/controller.go:178.2,179.19 2 1
github.com/TheThingsNetwork/ttn/core/components/broker/controller.go:175.32,177.3 1 1
github.com/TheThingsNetwork/ttn/core/components/broker/controller.go:170.54,175.32 5 1
github.com/TheThingsNetwork/ttn/core/components/broker/controller.go:166.2,166.17 1 1
github.com/TheThingsNetwork/ttn/core/components/broker/controller.go:165.28,165.58 1 1
github.com/TheThingsNetwork/ttn/core/components/broker/controller.go:165.2,165.28 1 1
github.com/TheThingsNetwork/ttn/core/components/broker/controller.go:164.28,164.72 1 1
github.com/TheThingsNetwork/ttn/core/components/broker/controller.go:164.2,164.28 1 1
github.com/TheThingsNetwork/ttn/core/components/broker/controller.go:163.28,163.56 1 1
github.com/TheThingsNetwork/ttn/core/components/broker/controller.go:163.2,163.28 1 1
github.com/TheThingsNetwork/ttn/core/components/broker/controller.go:159.28,162.3 2 1
github.com/TheThingsNetwork/ttn/core/components/broker/controller.go:159.2,159.28 1 1
github.com/TheThingsNetwork/ttn/core/components/broker/controller.go:155.28,158.3 2 1
github.com/TheThingsNetwork/ttn/core/components/broker/controller.go:155.2,155.28 1 1
github.com/TheThingsNetwork/ttn/core/components/broker/controller.go:151.28,154.3 2 1
github.com/TheThingsNetwork/ttn/core/components/broker/controller.go:149.55,151.28 2 1
github.com/TheThingsNetwork/ttn/core/components/broker/controller.go:137.51,146.2 8 1
github.com/TheThingsNetwork/ttn/core/components/broker/controller.go:132.35,134.2 1 1
github.com/TheThingsNetwork/ttn/core/components/broker/controller.go:127.60,129.2 1 1
github.com/TheThingsNetwork/ttn/core/components/broker/controller.go:123.2,123.36 1 1
github.com/TheThingsNetwork/ttn/core/components/broker/controller.go:120.16,122.3 1 1
github.com/TheThingsNetwork/ttn/core/components/broker/controller.go:118.84,120.16 2 1
github.com/TheThingsNetwork/ttn/core/components/broker/controller.go:114.2,114.59 1 1
github.com/TheThingsNetwork/ttn/core/components/broker/controller.go:111.2,111.15 1 1
github.com/TheThingsNetwork/ttn/core/components/broker/controller.go:111.15,113.3 1 1
github.com/TheThingsNetwork/ttn/core/components/broker/controller.go:107.4,109.4 1 1
github.com/TheThingsNetwork/ttn/core/components/broker/controller.go:104.103,107.4 2 1
github.com/TheThingsNetwork/ttn/core/components/broker/controller.go:101.28,104.103 3 1
github.com/TheThingsNetwork/ttn/core/components/broker/broker.go:99.16,100.53 1 1
github.com/TheThingsNetwork/ttn/core/components/broker/broker.go:98.2,99.16 2 1
github.com/TheThingsNetwork/ttn/core/components/broker/broker.go:94.16,97.3 2 0
github.com/TheThingsNetwork/ttn/core/components/broker/broker.go:90.2,94.16 3 1
github.com/TheThingsNetwork/ttn/core/components/broker/broker.go:86.113,89.3 2 1
github.com/TheThingsNetwork/ttn/core/components/broker/broker.go:82.107,86.113 2 1
github.com/TheThingsNetwork/ttn/core/components/broker/broker.go:78.2,78.12 1 0
github.com/TheThingsNetwork/ttn/core/components/broker/broker.go:75.32,77.3 1 0
github.com/TheThingsNetwork/ttn/core/components/broker/broker.go:75.2,75.32 1 1
github.com/TheThingsNetwork/ttn/core/components/broker/broker.go:71.2,71.12 1 1
github.com/TheThingsNetwork/ttn/core/components/broker/broker.go:71.12,73.3 1 1
github.com/TheThingsNetwork/ttn/core/components/broker/broker.go:67.12,69.3 1 1
github.com/TheThingsNetwork/ttn/core/components/broker/broker.go:62.2,67.12 4 1
github.com/TheThingsNetwork/ttn/core/components/broker/broker.go:58.16,60.3 1 0
github.com/TheThingsNetwork/ttn/core/components/broker/broker.go:57.2,58.16 2 1
github.com/TheThingsNetwork/ttn/core/components/broker/broker.go:53.16,55.3 1 0
github.com/TheThingsNetwork/ttn/core/components/broker/broker.go:51.34,53.16 2 1
github.com/TheThingsNetwork/ttn/core/components/broker/broker.go:46.45,48.2 1 1
github.com/TheThingsNetwork/ttn/core/components/broker/broker.go:308.2,314.8 2 1
github.com/TheThingsNetwork/ttn/core/components/broker/broker.go:304.82,307.3 2 0
github.com/TheThingsNetwork/ttn/core/components/broker/broker.go:303.2,304.82 2 1
github.com/TheThingsNetwork/ttn/core/components/broker/broker.go:299.16,302.3 2 1
github.com/TheThingsNetwork/ttn/core/components/broker/broker.go:297.2,299.16 3 1
github.com/TheThingsNetwork/ttn/core/components/broker/broker.go:291.40,294.3 2 1
github.com/TheThingsNetwork/ttn/core/components/broker/broker.go:287.2,291.40 2 1
github.com/TheThingsNetwork/ttn/core/components/broker/broker.go:282.16,286.3 3 1
github.com/TheThingsNetwork/ttn/core/components/broker/broker.go:272.2,282.16 3 1
github.com/TheThingsNetwork/ttn/core/components/broker/broker.go:268.16,271.3 2 1
github.com/TheThingsNetwork/ttn/core/components/broker/broker.go:267.2,268.16 2 1
github.com/TheThingsNetwork/ttn/core/components/broker/broker.go:261.60,264.3 2 1
github.com/TheThingsNetwork/ttn/core/components/broker/broker.go:260.2,261.60 2 1
github.com/TheThingsNetwork/ttn/core/components/broker/broker.go:250.2,250.19 1 1
github.com/TheThingsNetwork/ttn/core/components/broker/broker.go:250.19,255.3 4 1
github.com/TheThingsNetwork/ttn/core/components/broker/broker.go:242.9,246.9 4 1
github.com/TheThingsNetwork/ttn/core/components/broker/broker.go:242.3,242.9 1 1
github.com/TheThingsNetwork/ttn/core/components/broker/broker.go:238.10,240.4 1 1
github.com/TheThingsNetwork/ttn/core/components/broker/broker.go:237.3,238.10 2 1
github.com/TheThingsNetwork/ttn/core/components/broker/broker.go:234.17,235.12 1 0
github.com/TheThingsNetwork/ttn/core/components/broker/broker.go:233.3,234.17 2 1
github.com/TheThingsNetwork/ttn/core/components/broker/broker.go:229.17,230.12 1 1
github.com/TheThingsNetwork/ttn/core/components/broker/broker.go:222.32,229.17 4 1
github.com/TheThingsNetwork/ttn/core/components/broker/broker.go:210.2,222.32 5 1
github.com/TheThingsNetwork/ttn/core/components/broker/broker.go:208.3,208.38 1 1
github.com/TheThingsNetwork/ttn/core/components/broker/broker.go:205.3,206.38 1 1
github.com/TheThingsNetwork/ttn/core/components/broker/broker.go:202.3,204.40 2 1
github.com/TheThingsNetwork/ttn/core/components/broker/broker.go:199.16,201.38 2 1
github.com/TheThingsNetwork/ttn/core/components/broker/broker.go:194.2,199.16 4 1
github.com/TheThingsNetwork/ttn/core/components/broker/broker.go:190.16,193.3 2 1
github.com/TheThingsNetwork/ttn/core/components/broker/broker.go:183.107,190.16 4 1
github.com/TheThingsNetwork/ttn/core/components/broker/broker.go:176.2,179.8 1 1
github.com/TheThingsNetwork/ttn/core/components/broker/broker.go:172.16,175.3 2 1
github.com/TheThingsNetwork/ttn/core/components/broker/broker.go:162.2,172.16 4 1
github.com/TheThingsNetwork/ttn/core/components/broker/broker.go:157.16,160.3 2 1
github.com/TheThingsNetwork/ttn/core/components/broker/broker.go:156.2,157.16 2 1
github.com/TheThingsNetwork/ttn/core/components/broker/broker.go:153.50,155.3 1 0
github.com/TheThingsNetwork/ttn/core/components/broker/broker.go:152.2,153.50 2 1
github.com/TheThingsNetwork/ttn/core/components/broker/broker.go:146.53,149.3 2 1
github.com/TheThingsNetwork/ttn/core/components/broker/broker.go:146.2,146.53 1 1
github.com/TheThingsNetwork/ttn/core/components/broker/broker.go:141.38,144.3 2 0
github.com/TheThingsNetwork/ttn/core/components/broker/broker.go:141.2,141.38 1 1
github.com/TheThingsNetwork/ttn/core/components/broker/broker.go:135.16,138.3 2 1
github.com/TheThingsNetwork/ttn/core/components/broker/broker.go:128.2,135.16 3 1
github.com/TheThingsNetwork/ttn/core/components/broker/broker.go:124.16,127.3 2 1
github.com/TheThingsNetwork/ttn/core/components/broker/broker.go:123.2,124.16 2 1
github.com/TheThingsNetwork/ttn/core/components/broker/broker.go:117.2,117.11 1 1
github.com/TheThingsNetwork/ttn/core/components/broker/broker.go:117.11,120.3 2 1
github.com/TheThingsNetwork/ttn/core/components/broker/broker.go:112.57,114.9 2 1
github.com/TheThingsNetwork/ttn/core/components/broker/broker.go:111.37,112.57 1 1
github.com/TheThingsNetwork/ttn/core/components/broker/broker.go:110.2,111.37 2 1
github.com/TheThingsNetwork/ttn/core/components/broker/broker.go:104.3,107.4 1 1
github.com/TheThingsNetwork/ttn/core/components/broker/broker.go:100.53,103.4 2 1
github.com/TheThingsNetwork/ttn/core/components/broker/appStorage.go:95.2,95.17 1 1
github.com/TheThingsNetwork/ttn/core/components/broker/appStorage.go:92.2,92.28 1 1
github.com/TheThingsNetwork/ttn/core/components/broker/appStorage.go:92.28,94.3 1 1
github.com/TheThingsNetwork/ttn/core/components/broker/appStorage.go:88.28,91.3 2 1
github.com/TheThingsNetwork/ttn/core/components/broker/appStorage.go:88.2,88.28 1 1
github.com/TheThingsNetwork/ttn/core/components/broker/appStorage.go:84.28,87.3 2 1
github.com/TheThingsNetwork/ttn/core/components/broker/appStorage.go:84.2,84.28 1 1
github.com/TheThingsNetwork/ttn/core/components/broker/appStorage.go:80.28,83.3 2 1
github.com/TheThingsNetwork/ttn/core/components/broker/appStorage.go:78.55,80.28 2 1
github.com/TheThingsNetwork/ttn/core/components/broker/appStorage.go:68.51,75.2 6 1
github.com/TheThingsNetwork/ttn/core/components/broker/appStorage.go:63.35,65.2 1 1
github.com/TheThingsNetwork/ttn/core/components/broker/appStorage.go:58.51,60.2 1 1
github.com/TheThingsNetwork/ttn/core/components/broker/appStorage.go:54.2,54.24 1 1
github.com/TheThingsNetwork/ttn/core/components/broker/appStorage.go:51.30,53.3 1 0
github.com/TheThingsNetwork/ttn/core/components/broker/appStorage.go:50.2,51.30 2 1
github.com/TheThingsNetwork/ttn/core/components/broker/appStorage.go:47.16,49.3 1 1
github.com/TheThingsNetwork/ttn/core/components/broker/appStorage.go:45.60,47.16 2 1
github.com/TheThingsNetwork/ttn/core/components/broker/appStorage.go:41.2,41.34 1 1
github.com/TheThingsNetwork/ttn/core/components/broker/appStorage.go:37.16,39.3 1 0
github.com/TheThingsNetwork/ttn/core/components/broker/appStorage.go:35.53,37.16 2 1
github.com/TheThingsNetwork/ttn/core/api/topics.go:62.48,64.2 1 1
github.com/TheThingsNetwork/ttn/core/api/topics.go:58.2,58.73 1 1
github.com/TheThingsNetwork/ttn/core/api/topics.go:54.36,56.3 1 1
github.com/TheThingsNetwork/ttn/core/api/topics.go:54.2,54.36 1 1
github.com/TheThingsNetwork/ttn/core/api/topics.go:51.20,53.3 1 1
github.com/TheThingsNetwork/ttn/core/api/topics.go:49.60,51.20 2 1
github.com/TheThingsNetwork/ttn/core/api/topics.go:45.2,45.33 1 1
github.com/TheThingsNetwork/ttn/core/api/topics.go:42.20,44.3 1 1
github.com/TheThingsNetwork/ttn/core/api/topics.go:40.52,42.20 2 1
github.com/TheThingsNetwork/ttn/core/adapters/udp/udp.go:97.19,99.11 2 0
github.com/TheThingsNetwork/ttn/core/adapters/udp/udp.go:93.82,97.19 4 0
github.com/TheThingsNetwork/ttn/core/adapters/udp/udp.go:92.19,93.82 1 0
github.com/TheThingsNetwork/ttn/core/adapters/udp/udp.go:88.6,92.19 3 1
github.com/TheThingsNetwork/ttn/core/adapters/udp/udp.go:85.96,88.6 3 1
github.com/TheThingsNetwork/ttn/core/adapters/udp/udp.go:79.2,79.35 1 1
github.com/TheThingsNetwork/ttn/core/adapters/udp/udp.go:76.16,78.3 1 1
github.com/TheThingsNetwork/ttn/core/adapters/udp/udp.go:74.55,76.16 2 1
github.com/TheThingsNetwork/ttn/core/adapters/udp/udp.go:67.33,70.3 2 1
github.com/TheThingsNetwork/ttn/core/adapters/udp/udp.go:66.62,67.33 1 1
github.com/TheThingsNetwork/ttn/core/adapters/udp/udp.go:59.2,62.12 4 1
github.com/TheThingsNetwork/ttn/core/adapters/udp/udp.go:54.54,57.3 2 1
github.com/TheThingsNetwork/ttn/core/adapters/udp/udp.go:51.49,54.54 2 1
github.com/TheThingsNetwork/ttn/core/adapters/udp/udp.go:46.60,48.2 1 1
github.com/TheThingsNetwork/ttn/core/adapters/udp/udp.go:283.2,283.20 1 1
github.com/TheThingsNetwork/ttn/core/adapters/udp/udp.go:280.16,282.3 1 0
github.com/TheThingsNetwork/ttn/core/adapters/udp/udp.go:274.2,280.16 3 1
github.com/TheThingsNetwork/ttn/core/adapters/udp/udp.go:269.16,272.3 2 1
github.com/TheThingsNetwork/ttn/core/adapters/udp/udp.go:268.2,269.16 2 1
github.com/TheThingsNetwork/ttn/core/adapters/udp/udp.go:263.40,266.3 2 1
github.com/TheThingsNetwork/ttn/core/adapters/udp/udp.go:261.82,263.40 2 1
github.com/TheThingsNetwork/ttn/core/adapters/udp/udp.go:258.2,258.20 1 1
github.com/TheThingsNetwork/ttn/core/adapters/udp/udp.go:254.16,257.3 2 0
github.com/TheThingsNetwork/ttn/core/adapters/udp/udp.go:248.2,254.16 3 1
github.com/TheThingsNetwork/ttn/core/adapters/udp/udp.go:243.16,246.3 2 0
github.com/TheThingsNetwork/ttn/core/adapters/udp/udp.go:242.2,243.16 2 1
github.com/TheThingsNetwork/ttn/core/adapters/udp/udp.go:238.16,240.3 1 1
github.com/TheThingsNetwork/ttn/core/adapters/udp/udp.go:237.2,238.16 2 1
github.com/TheThingsNetwork/ttn/core/adapters/udp/udp.go:232.40,235.3 2 1
github.com/TheThingsNetwork/ttn/core/adapters/udp/udp.go:230.80,232.40 2 1
github.com/TheThingsNetwork/ttn/core/adapters/udp/udp.go:224.2,226.77 2 0
github.com/TheThingsNetwork/ttn/core/adapters/udp/udp.go:223.3,223.41 1 1
github.com/TheThingsNetwork/ttn/core/adapters/udp/udp.go:219.17,222.4 2 1
github.com/TheThingsNetwork/ttn/core/adapters/udp/udp.go:217.2,219.17 2 1
github.com/TheThingsNetwork/ttn/core/adapters/udp/udp.go:216.3,216.39 1 1
github.com/TheThingsNetwork/ttn/core/adapters/udp/udp.go:212.17,215.4 2 1
github.com/TheThingsNetwork/ttn/core/adapters/udp/udp.go:210.2,212.17 2 1
github.com/TheThingsNetwork/ttn/core/adapters/udp/udp.go:209.2,209.20 1 1
github.com/TheThingsNetwork/ttn/core/adapters/udp/udp.go:204.16,207.3 2 1
github.com/TheThingsNetwork/ttn/core/adapters/udp/udp.go:202.83,204.16 2 1
github.com/TheThingsNetwork/ttn/core/adapters/udp/udp.go:197.2,199.16 3 1
github.com/TheThingsNetwork/ttn/core/adapters/udp/udp.go:189.69,192.5 2 1
github.com/TheThingsNetwork/ttn/core/adapters/udp/udp.go:187.30,189.69 2 1
github.com/TheThingsNetwork/ttn/core/adapters/udp/udp.go:186.40,187.30 1 1
github.com/TheThingsNetwork/ttn/core/adapters/udp/udp.go:182.2,186.40 5 1
github.com/TheThingsNetwork/ttn/core/adapters/udp/udp.go:173.29,179.3 2 1
github.com/TheThingsNetwork/ttn/core/adapters/udp/udp.go:173.2,173.29 1 1
github.com/TheThingsNetwork/ttn/core/adapters/udp/udp.go:167.60,170.3 2 0
github.com/TheThingsNetwork/ttn/core/adapters/udp/udp.go:154.74,167.60 7 1
github.com/TheThingsNetwork/ttn/core/adapters/udp/udp.go:150.2,150.20 1 1
github.com/TheThingsNetwork/ttn/core/adapters/udp/udp.go:146.16,148.3 1 0
github.com/TheThingsNetwork/ttn/core/adapters/udp/udp.go:134.74,146.16 6 1
github.com/TheThingsNetwork/ttn/core/adapters/udp/udp.go:128.2,128.17 1 0
github.com/TheThingsNetwork/ttn/core/adapters/udp/udp.go:128.17,130.3 1 0
github.com/TheThingsNetwork/ttn/core/adapters/udp/udp.go:122.4,122.18 1 1
github.com/TheThingsNetwork/ttn/core/adapters/udp/udp.go:122.18,124.5 1 1
github.com/TheThingsNetwork/ttn/core/adapters/udp/udp.go:119.4,120.69 1 1
github.com/TheThingsNetwork/ttn/core/adapters/udp/udp.go:117.4,118.40 1 1
github.com/TheThingsNetwork/ttn/core/adapters/udp/udp.go:115.4,116.40 1 1
github.com/TheThingsNetwork/ttn/core/adapters/udp/udp.go:114.4,114.26 1 1
github.com/TheThingsNetwork/ttn/core/adapters/udp/udp.go:110.52,112.5 1 0
github.com/TheThingsNetwork/ttn/core/adapters/udp/udp.go:108.39,110.52 2 1
github.com/TheThingsNetwork/ttn/core/adapters/udp/udp.go:107.3,108.39 2 1
github.com/TheThingsNetwork/ttn/core/adapters/udp/udp.go:102.4,103.9 2 0
github.com/TheThingsNetwork/ttn/core/adapters/udp/conversions.go:94.3,100.9 1 1
github.com/TheThingsNetwork/ttn/core/adapters/udp/conversions.go:91.10,93.4 1 0
github.com/TheThingsNetwork/ttn/core/adapters/udp/conversions.go:89.2,91.10 2 1
github.com/TheThingsNetwork/ttn/core/adapters/udp/conversions.go:63.3,88.9 1 1
github.com/TheThingsNetwork/ttn/core/adapters/udp/conversions.go:56.52,58.5 1 1
github.com/TheThingsNetwork/ttn/core/adapters/udp/conversions.go:55.45,56.52 1 1
github.com/TheThingsNetwork/ttn/core/adapters/udp/conversions.go:54.3,55.45 2 1
github.com/TheThingsNetwork/ttn/core/adapters/udp/conversions.go:50.17,52.4 1 0
github.com/TheThingsNetwork/ttn/core/adapters/udp/conversions.go:49.3,50.17 2 1
github.com/TheThingsNetwork/ttn/core/adapters/udp/conversions.go:45.38,48.4 1 0
github.com/TheThingsNetwork/ttn/core/adapters/udp/conversions.go:45.3,45.38 1 1
github.com/TheThingsNetwork/ttn/core/adapters/udp/conversions.go:42.10,44.4 1 0
github.com/TheThingsNetwork/ttn/core/adapters/udp/conversions.go:40.2,42.10 2 1
github.com/TheThingsNetwork/ttn/core/adapters/udp/conversions.go:38.2,39.14 1 1
github.com/TheThingsNetwork/ttn/core/adapters/udp/conversions.go:37.2,37.28 1 1
github.com/TheThingsNetwork/ttn/core/adapters/udp/conversions.go:32.52,34.3 1 1
github.com/TheThingsNetwork/ttn/core/adapters/udp/conversions.go:31.2,32.52 2 1
github.com/TheThingsNetwork/ttn/core/adapters/udp/conversions.go:28.16,30.3 1 1
github.com/TheThingsNetwork/ttn/core/adapters/udp/conversions.go:27.2,28.16 2 1
github.com/TheThingsNetwork/ttn/core/adapters/udp/conversions.go:22.22,24.3 1 1
github.com/TheThingsNetwork/ttn/core/adapters/udp/conversions.go:20.94,22.22 1 1
github.com/TheThingsNetwork/ttn/core/adapters/udp/conversions.go:175.2,175.15 1 1
github.com/TheThingsNetwork/ttn/core/adapters/udp/conversions.go:169.54,171.5 1 1
github.com/TheThingsNetwork/ttn/core/adapters/udp/conversions.go:167.41,169.54 2 1
github.com/TheThingsNetwork/ttn/core/adapters/udp/conversions.go:164.37,167.41 3 1
github.com/TheThingsNetwork/ttn/core/adapters/udp/conversions.go:159.71,164.37 4 1
github.com/TheThingsNetwork/ttn/core/adapters/udp/conversions.go:150.2,150.12 1 1
github.com/TheThingsNetwork/ttn/core/adapters/udp/conversions.go:144.48,146.5 1 1
github.com/TheThingsNetwork/ttn/core/adapters/udp/conversions.go:141.73,144.48 3 1
github.com/TheThingsNetwork/ttn/core/adapters/udp/conversions.go:138.37,141.73 3 1
github.com/TheThingsNetwork/ttn/core/adapters/udp/conversions.go:133.67,138.37 4 1
github.com/TheThingsNetwork/ttn/core/adapters/udp/conversions.go:117.2,123.18 4 1
github.com/TheThingsNetwork/ttn/core/adapters/udp/conversions.go:114.16,116.3 1 0
github.com/TheThingsNetwork/ttn/core/adapters/udp/conversions.go:113.2,114.16 2 1
github.com/TheThingsNetwork/ttn/core/adapters/udp/conversions.go:108.21,110.3 1 1
github.com/TheThingsNetwork/ttn/core/adapters/udp/conversions.go:106.114,108.21 1 1
github.com/TheThingsNetwork/ttn/core/adapters/udp/conversions.go:101.2,102.91 1 1
github.com/TheThingsNetwork/ttn/core/adapters/mqtt/safeclient.go:25.33,29.2 3 1
github.com/TheThingsNetwork/ttn/core/adapters/mqtt/safeclient.go:18.61,22.2 3 1
github.com/TheThingsNetwork/ttn/core/adapters/mqtt/mqtt.go:93.2,101.16 4 1
github.com/TheThingsNetwork/ttn/core/adapters/mqtt/mqtt.go:89.2,89.25 1 1
github.com/TheThingsNetwork/ttn/core/adapters/mqtt/mqtt.go:89.25,92.3 2 1
github.com/TheThingsNetwork/ttn/core/adapters/mqtt/mqtt.go:85.2,85.26 1 1
github.com/TheThingsNetwork/ttn/core/adapters/mqtt/mqtt.go:85.26,88.3 2 1
github.com/TheThingsNetwork/ttn/core/adapters/mqtt/mqtt.go:81.2,81.26 1 1
github.com/TheThingsNetwork/ttn/core/adapters/mqtt/mqtt.go:81.26,84.3 2 1
github.com/TheThingsNetwork/ttn/core/adapters/mqtt/mqtt.go:77.27,80.3 2 1
github.com/TheThingsNetwork/ttn/core/adapters/mqtt/mqtt.go:77.2,77.27 1 1
github.com/TheThingsNetwork/ttn/core/adapters/mqtt/mqtt.go:73.16,76.3 2 1
github.com/TheThingsNetwork/ttn/core/adapters/mqtt/mqtt.go:68.121,73.16 2 1
github.com/TheThingsNetwork/ttn/core/adapters/mqtt/mqtt.go:63.70,65.2 1 1
github.com/TheThingsNetwork/ttn/core/adapters/mqtt/mqtt.go:58.45,60.2 1 1
github.com/TheThingsNetwork/ttn/core/adapters/mqtt/mqtt.go:194.2,198.8 1 1
github.com/TheThingsNetwork/ttn/core/adapters/mqtt/mqtt.go:189.27,191.3 1 1
github.com/TheThingsNetwork/ttn/core/adapters/mqtt/mqtt.go:189.2,189.27 1 1
github.com/TheThingsNetwork/ttn/core/adapters/mqtt/mqtt.go:185.58,187.4 1 1
github.com/TheThingsNetwork/ttn/core/adapters/mqtt/mqtt.go:184.57,185.58 1 1
github.com/TheThingsNetwork/ttn/core/adapters/mqtt/mqtt.go:183.2,184.57 2 1
github.com/TheThingsNetwork/ttn/core/adapters/mqtt/mqtt.go:178.72,180.3 1 1
github.com/TheThingsNetwork/ttn/core/adapters/mqtt/mqtt.go:176.2,178.72 3 1
github.com/TheThingsNetwork/ttn/core/adapters/mqtt/mqtt.go:173.26,175.3 1 1
github.com/TheThingsNetwork/ttn/core/adapters/mqtt/mqtt.go:170.64,173.26 2 1
github.com/TheThingsNetwork/ttn/core/adapters/mqtt/mqtt.go:166.2,166.45 1 1
github.com/TheThingsNetwork/ttn/core/adapters/mqtt/mqtt.go:162.3,163.50 1 1
github.com/TheThingsNetwork/ttn/core/adapters/mqtt/mqtt.go:159.4,159.18 1 1
github.com/TheThingsNetwork/ttn/core/adapters/mqtt/mqtt.go:159.18,161.5 1 1
github.com/TheThingsNetwork/ttn/core/adapters/mqtt/mqtt.go:156.18,158.5 1 1
github.com/TheThingsNetwork/ttn/core/adapters/mqtt/mqtt.go:154.3,156.18 2 1
github.com/TheThingsNetwork/ttn/core/adapters/mqtt/mqtt.go:152.25,153.19 1 1
github.com/TheThingsNetwork/ttn/core/adapters/mqtt/mqtt.go:150.79,152.25 2 1
github.com/TheThingsNetwork/ttn/core/adapters/mqtt/mqtt.go:144.2,144.17 1 0
github.com/TheThingsNetwork/ttn/core/adapters/mqtt/mqtt.go:141.16,143.3 1 0
github.com/TheThingsNetwork/ttn/core/adapters/mqtt/mqtt.go:134.2,141.16 3 0
github.com/TheThingsNetwork/ttn/core/adapters/mqtt/mqtt.go:131.16,133.3 1 0
github.com/TheThingsNetwork/ttn/core/adapters/mqtt/mqtt.go:127.2,131.16 3 0
github.com/TheThingsNetwork/ttn/core/adapters/mqtt/mqtt.go:123.76,126.3 2 0
github.com/TheThingsNetwork/ttn/core/adapters/mqtt/mqtt.go:122.121,123.76 1 0
github.com/TheThingsNetwork/ttn/core/adapters/mqtt/mqtt.go:118.2,118.17 1 1
github.com/TheThingsNetwork/ttn/core/adapters/mqtt/mqtt.go:115.16,117.3 1 1
github.com/TheThingsNetwork/ttn/core/adapters/mqtt/mqtt.go:106.2,115.16 4 1
github.com/TheThingsNetwork/ttn/core/adapters/mqtt/mqtt.go:101.16,103.3 1 0
github.com/TheThingsNetwork/ttn/core/adapters/mqtt/client.go:99.2,99.42 1 1
github.com/TheThingsNetwork/ttn/core/adapters/mqtt/client.go:95.2,95.16 1 1
github.com/TheThingsNetwork/ttn/core/adapters/mqtt/client.go:95.16,98.3 2 1
github.com/TheThingsNetwork/ttn/core/adapters/mqtt/client.go:90.3,91.68 1 1
github.com/TheThingsNetwork/ttn/core/adapters/mqtt/client.go:84.3,89.20 5 1
github.com/TheThingsNetwork/ttn/core/adapters/mqtt/client.go:78.3,83.20 5 1
github.com/TheThingsNetwork/ttn/core/adapters/mqtt/client.go:74.3,77.41 3 1
github.com/TheThingsNetwork/ttn/core/adapters/mqtt/client.go:73.3,73.21 1 1
github.com/TheThingsNetwork/ttn/core/adapters/mqtt/client.go:68.4,71.12 4 1
github.com/TheThingsNetwork/ttn/core/adapters/mqtt/client.go:64.11,66.13 2 1
github.com/TheThingsNetwork/ttn/core/adapters/mqtt/client.go:62.17,64.11 2 1
github.com/TheThingsNetwork/ttn/core/adapters/mqtt/client.go:61.25,62.17 1 1
github.com/TheThingsNetwork/ttn/core/adapters/mqtt/client.go:56.92,61.25 4 1
github.com/TheThingsNetwork/ttn/core/adapters/mqtt/client.go:44.2,46.15 1 1
github.com/TheThingsNetwork/ttn/core/adapters/mqtt/client.go:39.37,42.3 2 1
github.com/TheThingsNetwork/ttn/core/adapters/mqtt/client.go:31.88,39.37 6 1
github.com/TheThingsNetwork/ttn/core/adapters/mqtt/client.go:180.2,180.18 1 1
github.com/TheThingsNetwork/ttn/core/adapters/mqtt/client.go:173.40,177.4 3 1
github.com/TheThingsNetwork/ttn/core/adapters/mqtt/client.go:171.3,173.40 3 1
github.com/TheThingsNetwork/ttn/core/adapters/mqtt/client.go:167.23,170.4 2 1
github.com/TheThingsNetwork/ttn/core/adapters/mqtt/client.go:166.32,167.23 1 1
github.com/TheThingsNetwork/ttn/core/adapters/mqtt/client.go:163.112,166.32 3 1
github.com/TheThingsNetwork/ttn/core/adapters/mqtt/client.go:155.3,156.78 1 0
github.com/TheThingsNetwork/ttn/core/adapters/mqtt/client.go:153.3,154.18 1 1
github.com/TheThingsNetwork/ttn/core/adapters/mqtt/client.go:151.3,152.10 2 1
github.com/TheThingsNetwork/ttn/core/adapters/mqtt/client.go:147.3,147.17 1 1
github.com/TheThingsNetwork/ttn/core/adapters/mqtt/client.go:147.17,149.4 1 0
github.com/TheThingsNetwork/ttn/core/adapters/mqtt/client.go:137.7,141.8 1 1
github.com/TheThingsNetwork/ttn/core/adapters/mqtt/client.go:134.24,136.8 1 0
github.com/TheThingsNetwork/ttn/core/adapters/mqtt/client.go:133.39,134.24 1 1
github.com/TheThingsNetwork/ttn/core/adapters/mqtt/client.go:128.3,133.39 1 1
github.com/TheThingsNetwork/ttn/core/adapters/mqtt/client.go:124.17,126.4 1 1
github.com/TheThingsNetwork/ttn/core/adapters/mqtt/client.go:116.22,124.17 3 1
github.com/TheThingsNetwork/ttn/core/adapters/mqtt/client.go:116.2,116.22 1 1
github.com/TheThingsNetwork/ttn/core/adapters/mqtt/client.go:110.17,110.77 1 1
github.com/TheThingsNetwork/ttn/core/adapters/mqtt/client.go:105.122,110.17 3 1
github.com/TheThingsNetwork/ttn/core/adapters/http/statuspage.go:92.2,95.12 4 1
github.com/TheThingsNetwork/ttn/core/adapters/http/statuspage.go:88.16,90.3 1 0
github.com/TheThingsNetwork/ttn/core/adapters/http/statuspage.go:87.2,88.16 2 1
github.com/TheThingsNetwork/ttn/core/adapters/http/statuspage.go:81.30,83.5 1 1
github.com/TheThingsNetwork/ttn/core/adapters/http/statuspage.go:79.3,81.30 2 1
github.com/TheThingsNetwork/ttn/core/adapters/http/statuspage.go:71.3,77.33 5 1
github.com/TheThingsNetwork/ttn/core/adapters/http/statuspage.go:60.3,69.28 8 1
github.com/TheThingsNetwork/ttn/core/adapters/http/statuspage.go:56.3,58.33 2 1
github.com/TheThingsNetwork/ttn/core/adapters/http/statuspage.go:54.3,54.29 1 1
github.com/TheThingsNetwork/ttn/core/adapters/http/statuspage.go:49.5,51.5 1 0
github.com/TheThingsNetwork/ttn/core/adapters/http/statuspage.go:47.60,49.5 1 1
github.com/TheThingsNetwork/ttn/core/adapters/http/statuspage.go:47.4,47.60 1 1
github.com/TheThingsNetwork/ttn/core/adapters/http/statuspage.go:44.29,46.5 1 1
github.com/TheThingsNetwork/ttn/core/adapters/http/statuspage.go:43.49,44.29 1 1
github.com/TheThingsNetwork/ttn/core/adapters/http/statuspage.go:40.55,43.49 2 1
github.com/TheThingsNetwork/ttn/core/adapters/http/statuspage.go:38.2,40.55 2 1
github.com/TheThingsNetwork/ttn/core/adapters/http/statuspage.go:31.25,36.3 4 1
github.com/TheThingsNetwork/ttn/core/adapters/http/statuspage.go:29.76,31.25 1 1
github.com/TheThingsNetwork/ttn/core/adapters/http/statuspage.go:24.34,26.2 1 1
github.com/TheThingsNetwork/ttn/core/adapters/http/http.go:67.46,75.2 4 1
github.com/TheThingsNetwork/ttn/core/adapters/http/http.go:60.17,62.4 1 1
github.com/TheThingsNetwork/ttn/core/adapters/http/http.go:56.80,60.17 4 1
github.com/TheThingsNetwork/ttn/core/adapters/http/http.go:54.35,56.80 2 1
github.com/TheThingsNetwork/ttn/core/adapters/http/http.go:43.45,51.2 3 1
github.com/TheThingsNetwork/ttn/core/adapters/http/healthz.go:21.73,25.2 3 1
github.com/TheThingsNetwork/ttn/core/adapters/http/healthz.go:16.31,18.2 1 1
